# JRE version: OpenJDK Runtime Environment (21.0.5) (build 21.0.5+-13047016-b750.29)
# Java VM: OpenJDK 64-Bit Server VM (21.0.5+-13047016-b750.29, mixed mode, tiered, compressed oops, compressed class ptrs, g1 gc, windows-amd64)
GC Precious Log:
 CardTable entry size: 512
 Card Set container configuration: InlinePtr #cards 4 size 8 Array Of Cards #cards 32 size 80 Howl #buckets 8 coarsen threshold 7372 Howl Bitmap #cards 1024 size 144 coarsen threshold 921 Card regions per heap region 1 cards per card region 8192
 CPUs: 8 total, 8 available
 Memory: 7930M
 Large Page Support: Disabled
 NUMA Support: Disabled
 Compressed Oops: Enabled (Zero based)
 Heap Region Size: 4M
 Heap Min Capacity: 8M
 Heap Initial Capacity: 124M
 Heap Max Capacity: 8G
 Pre-touch: Disabled
 Parallel Workers: 8
 Concurrent Workers: 2
 Concurrent Refinement Workers: 8
 Periodic GC: Disabled
Heap:
 garbage-first heap   total 389120K, used 222641K [0x0000000600000000, 0x0000000800000000)
  region size 4096K, 3 young (12288K), 3 survivors (12288K)
 Metaspace       used 158651K, committed 161088K, reserved 1245184K
  class space    used 20247K, committed 21440K, reserved 1048576K
GC Heap History (20 events):
Event: 329.841 GC heap after
{Heap after GC invocations=43 (full 0):
 garbage-first heap   total 286720K, used 184320K [0x0000000600000000, 0x0000000800000000)
  region size 4096K, 2 young (8192K), 2 survivors (8192K)
 Metaspace       used 129151K, committed 131584K, reserved 1179648K
  class space    used 17232K, committed 18496K, reserved 1048576K
}
Event: 330.610 GC heap before
{Heap before GC invocations=44 (full 0):
 garbage-first heap   total 323584K, used 249856K [0x0000000600000000, 0x0000000800000000)
  region size 4096K, 17 young (69632K), 2 survivors (8192K)
 Metaspace       used 129447K, committed 131904K, reserved 1179648K
  class space    used 17232K, committed 18496K, reserved 1048576K
}
Event: 330.621 GC heap after
{Heap after GC invocations=45 (full 0):
 garbage-first heap   total 323584K, used 201233K [0x0000000600000000, 0x0000000800000000)
  region size 4096K, 3 young (12288K), 3 survivors (12288K)
 Metaspace       used 129447K, committed 131904K, reserved 1179648K
  class space    used 17232K, committed 18496K, reserved 1048576K
}
Event: 331.966 GC heap before
{Heap before GC invocations=45 (full 0):
 garbage-first heap   total 323584K, used 270865K [0x0000000600000000, 0x0000000800000000)
  region size 4096K, 21 young (86016K), 3 survivors (12288K)
 Metaspace       used 136402K, committed 138880K, reserved 1179648K
  class space    used 17987K, committed 19200K, reserved 1048576K
}
Event: 331.980 GC heap after
{Heap after GC invocations=46 (full 0):
 garbage-first heap   total 389120K, used 197980K [0x0000000600000000, 0x0000000800000000)
  region size 4096K, 2 young (8192K), 2 survivors (8192K)
 Metaspace       used 136402K, committed 138880K, reserved 1179648K
  class space    used 17987K, committed 19200K, reserved 1048576K
}
Event: 338.087 GC heap before
{Heap before GC invocations=46 (full 0):
 garbage-first heap   total 389120K, used 316764K [0x0000000600000000, 0x0000000800000000)
  region size 4096K, 32 young (131072K), 2 survivors (8192K)
 Metaspace       used 156869K, committed 159296K, reserved 1245184K
  class space    used 20117K, committed 21312K, reserved 1048576K
}
Event: 338.096 GC heap after
{Heap after GC invocations=47 (full 0):
 garbage-first heap   total 389120K, used 203477K [0x0000000600000000, 0x0000000800000000)
  region size 4096K, 3 young (12288K), 3 survivors (12288K)
 Metaspace       used 156869K, committed 159296K, reserved 1245184K
  class space    used 20117K, committed 21312K, reserved 1048576K
}
Event: 348.580 GC heap before
{Heap before GC invocations=47 (full 0):
 garbage-first heap   total 389120K, used 342741K [0x0000000600000000, 0x0000000800000000)
  region size 4096K, 37 young (151552K), 3 survivors (12288K)
 Metaspace       used 157471K, committed 159872K, reserved 1245184K
  class space    used 20149K, committed 21376K, reserved 1048576K
}
Event: 348.596 GC heap after
{Heap after GC invocations=48 (full 0):
 garbage-first heap   total 389120K, used 209522K [0x0000000600000000, 0x0000000800000000)
  region size 4096K, 3 young (12288K), 3 survivors (12288K)
 Metaspace       used 157471K, committed 159872K, reserved 1245184K
  class space    used 20149K, committed 21376K, reserved 1048576K
}
Event: 353.135 GC heap before
{Heap before GC invocations=48 (full 0):
 garbage-first heap   total 389120K, used 340594K [0x0000000600000000, 0x0000000800000000)
  region size 4096K, 36 young (147456K), 3 survivors (12288K)
 Metaspace       used 157517K, committed 159936K, reserved 1245184K
  class space    used 20149K, committed 21376K, reserved 1048576K
}
Event: 353.150 GC heap after
{Heap after GC invocations=49 (full 0):
 garbage-first heap   total 389120K, used 213182K [0x0000000600000000, 0x0000000800000000)
  region size 4096K, 3 young (12288K), 3 survivors (12288K)
 Metaspace       used 157517K, committed 159936K, reserved 1245184K
  class space    used 20149K, committed 21376K, reserved 1048576K
}
Event: 354.916 GC heap before
{Heap before GC invocations=50 (full 0):
 garbage-first heap   total 389120K, used 348350K [0x0000000600000000, 0x0000000800000000)
  region size 4096K, 36 young (147456K), 3 survivors (12288K)
 Metaspace       used 157557K, committed 160000K, reserved 1245184K
  class space    used 20158K, committed 21376K, reserved 1048576K
}
Event: 354.950 GC heap after
{Heap after GC invocations=51 (full 0):
 garbage-first heap   total 389120K, used 233724K [0x0000000600000000, 0x0000000800000000)
  region size 4096K, 5 young (20480K), 5 survivors (20480K)
 Metaspace       used 157557K, committed 160000K, reserved 1245184K
  class space    used 20158K, committed 21376K, reserved 1048576K
}
Event: 356.286 GC heap before
{Heap before GC invocations=51 (full 0):
 garbage-first heap   total 389120K, used 336124K [0x0000000600000000, 0x0000000800000000)
  region size 4096K, 31 young (126976K), 5 survivors (20480K)
 Metaspace       used 158517K, committed 160896K, reserved 1245184K
  class space    used 20246K, committed 21440K, reserved 1048576K
}
Event: 356.316 GC heap after
{Heap after GC invocations=52 (full 0):
 garbage-first heap   total 389120K, used 232688K [0x0000000600000000, 0x0000000800000000)
  region size 4096K, 2 young (8192K), 2 survivors (8192K)
 Metaspace       used 158517K, committed 160896K, reserved 1245184K
  class space    used 20246K, committed 21440K, reserved 1048576K
}
Event: 357.061 GC heap before
{Heap before GC invocations=52 (full 0):
 garbage-first heap   total 389120K, used 347376K [0x0000000600000000, 0x0000000800000000)
  region size 4096K, 31 young (126976K), 2 survivors (8192K)
 Metaspace       used 158573K, committed 161024K, reserved 1245184K
  class space    used 20246K, committed 21440K, reserved 1048576K
}
Event: 357.068 GC heap after
{Heap after GC invocations=53 (full 0):
 garbage-first heap   total 389120K, used 231254K [0x0000000600000000, 0x0000000800000000)
  region size 4096K, 2 young (8192K), 2 survivors (8192K)
 Metaspace       used 158573K, committed 161024K, reserved 1245184K
  class space    used 20246K, committed 21440K, reserved 1048576K
}
Event: 358.119 GC heap before
{Heap before GC invocations=54 (full 0):
 garbage-first heap   total 389120K, used 354134K [0x0000000600000000, 0x0000000800000000)
  region size 4096K, 32 young (131072K), 2 survivors (8192K)
 Metaspace       used 158639K, committed 161088K, reserved 1245184K
  class space    used 20246K, committed 21440K, reserved 1048576K
}
Event: 358.129 GC heap after
{Heap after GC invocations=55 (full 0):
 garbage-first heap   total 389120K, used 233207K [0x0000000600000000, 0x0000000800000000)
  region size 4096K, 2 young (8192K), 2 survivors (8192K)
 Metaspace       used 158639K, committed 161088K, reserved 1245184K
  class space    used 20246K, committed 21440K, reserved 1048576K
}
Event: 358.712 GC heap before
{Heap before GC invocations=55 (full 0):
 garbage-first heap   total 389120K, used 351991K [0x0000000600000000, 0x0000000800000000)
  region size 4096K, 32 young (131072K), 2 survivors (8192K)
 Metaspace       used 158651K, committed 161088K, reserved 1245184K
  class space    used 20247K, committed 21440K, reserved 1048576K
}

