# JRE version: OpenJDK Runtime Environment (21.0.5) (build 21.0.5+-13047016-b750.29)
# Java VM: OpenJDK 64-Bit Server VM (21.0.5+-13047016-b750.29, mixed mode, tiered, compressed oops, compressed class ptrs, g1 gc, windows-amd64)
GC Precious Log:
 CardTable entry size: 512
 Card Set container configuration: InlinePtr #cards 4 size 8 Array Of Cards #cards 32 size 80 Howl #buckets 8 coarsen threshold 7372 Howl Bitmap #cards 1024 size 144 coarsen threshold 921 Card regions per heap region 1 cards per card region 8192
 CPUs: 8 total, 8 available
 Memory: 7930M
 Large Page Support: Disabled
 NUMA Support: Disabled
 Compressed Oops: Enabled (Zero based)
 Heap Region Size: 4M
 Heap Min Capacity: 8M
 Heap Initial Capacity: 124M
 Heap Max Capacity: 8G
 Pre-touch: Disabled
 Parallel Workers: 8
 Concurrent Workers: 2
 Concurrent Refinement Workers: 8
 Periodic GC: Disabled
Heap:
 garbage-first heap   total 118784K, used 82405K [0x0000000600000000, 0x0000000800000000)
  region size 4096K, 15 young (61440K), 2 survivors (8192K)
 Metaspace       used 51966K, committed 53440K, reserved 1114112K
  class space    used 7047K, committed 7744K, reserved 1048576K
GC Heap History (18 events):
Event: 1.062 GC heap before
{Heap before GC invocations=0 (full 0):
 garbage-first heap   total 126976K, used 20480K [0x0000000600000000, 0x0000000800000000)
  region size 4096K, 5 young (20480K), 0 survivors (0K)
 Metaspace       used 7688K, committed 7872K, reserved 1114112K
  class space    used 692K, committed 768K, reserved 1048576K
}
Event: 1.068 GC heap after
{Heap after GC invocations=1 (full 0):
 garbage-first heap   total 126976K, used 1536K [0x0000000600000000, 0x0000000800000000)
  region size 4096K, 1 young (4096K), 1 survivors (4096K)
 Metaspace       used 7688K, committed 7872K, reserved 1114112K
  class space    used 692K, committed 768K, reserved 1048576K
}
Event: 3.383 GC heap before
{Heap before GC invocations=1 (full 0):
 garbage-first heap   total 126976K, used 46592K [0x0000000600000000, 0x0000000800000000)
  region size 4096K, 11 young (45056K), 1 survivors (4096K)
 Metaspace       used 12220K, committed 12416K, reserved 1114112K
  class space    used 1278K, committed 1408K, reserved 1048576K
}
Event: 3.398 GC heap after
{Heap after GC invocations=2 (full 0):
 garbage-first heap   total 126976K, used 11411K [0x0000000600000000, 0x0000000800000000)
  region size 4096K, 2 young (8192K), 2 survivors (8192K)
 Metaspace       used 12220K, committed 12416K, reserved 1114112K
  class space    used 1278K, committed 1408K, reserved 1048576K
}
Event: 5.302 GC heap before
{Heap before GC invocations=2 (full 0):
 garbage-first heap   total 126976K, used 56467K [0x0000000600000000, 0x0000000800000000)
  region size 4096K, 13 young (53248K), 2 survivors (8192K)
 Metaspace       used 13338K, committed 13568K, reserved 1114112K
  class space    used 1459K, committed 1600K, reserved 1048576K
}
Event: 5.322 GC heap after
{Heap after GC invocations=3 (full 0):
 garbage-first heap   total 126976K, used 16805K [0x0000000600000000, 0x0000000800000000)
  region size 4096K, 2 young (8192K), 2 survivors (8192K)
 Metaspace       used 13338K, committed 13568K, reserved 1114112K
  class space    used 1459K, committed 1600K, reserved 1048576K
}
Event: 8.363 GC heap before
{Heap before GC invocations=3 (full 0):
 garbage-first heap   total 126976K, used 41381K [0x0000000600000000, 0x0000000800000000)
  region size 4096K, 9 young (36864K), 2 survivors (8192K)
 Metaspace       used 21203K, committed 21504K, reserved 1114112K
  class space    used 2444K, committed 2624K, reserved 1048576K
}
Event: 8.377 GC heap after
{Heap after GC invocations=4 (full 0):
 garbage-first heap   total 126976K, used 20196K [0x0000000600000000, 0x0000000800000000)
  region size 4096K, 3 young (12288K), 3 survivors (12288K)
 Metaspace       used 21203K, committed 21504K, reserved 1114112K
  class space    used 2444K, committed 2624K, reserved 1048576K
}
Event: 12.099 GC heap before
{Heap before GC invocations=5 (full 0):
 garbage-first heap   total 81920K, used 77540K [0x0000000600000000, 0x0000000800000000)
  region size 4096K, 17 young (69632K), 3 survivors (12288K)
 Metaspace       used 30218K, committed 30848K, reserved 1114112K
  class space    used 3858K, committed 4160K, reserved 1048576K
}
Event: 12.114 GC heap after
{Heap after GC invocations=6 (full 0):
 garbage-first heap   total 98304K, used 24176K [0x0000000600000000, 0x0000000800000000)
  region size 4096K, 2 young (8192K), 2 survivors (8192K)
 Metaspace       used 30218K, committed 30848K, reserved 1114112K
  class space    used 3858K, committed 4160K, reserved 1048576K
}
Event: 13.566 GC heap before
{Heap before GC invocations=6 (full 0):
 garbage-first heap   total 98304K, used 61040K [0x0000000600000000, 0x0000000800000000)
  region size 4096K, 12 young (49152K), 2 survivors (8192K)
 Metaspace       used 35325K, committed 36160K, reserved 1114112K
  class space    used 4711K, committed 5120K, reserved 1048576K
}
Event: 13.582 GC heap after
{Heap after GC invocations=7 (full 0):
 garbage-first heap   total 98304K, used 25725K [0x0000000600000000, 0x0000000800000000)
  region size 4096K, 2 young (8192K), 2 survivors (8192K)
 Metaspace       used 35325K, committed 36160K, reserved 1114112K
  class space    used 4711K, committed 5120K, reserved 1048576K
}
Event: 13.692 GC heap before
{Heap before GC invocations=7 (full 0):
 garbage-first heap   total 98304K, used 25725K [0x0000000600000000, 0x0000000800000000)
  region size 4096K, 3 young (12288K), 2 survivors (8192K)
 Metaspace       used 35548K, committed 36480K, reserved 1114112K
  class space    used 4747K, committed 5184K, reserved 1048576K
}
Event: 13.698 GC heap after
{Heap after GC invocations=8 (full 0):
 garbage-first heap   total 98304K, used 25813K [0x0000000600000000, 0x0000000800000000)
  region size 4096K, 1 young (4096K), 1 survivors (4096K)
 Metaspace       used 35548K, committed 36480K, reserved 1114112K
  class space    used 4747K, committed 5184K, reserved 1048576K
}
Event: 15.575 GC heap before
{Heap before GC invocations=9 (full 0):
 garbage-first heap   total 98304K, used 74965K [0x0000000600000000, 0x0000000800000000)
  region size 4096K, 14 young (57344K), 1 survivors (4096K)
 Metaspace       used 45218K, committed 46400K, reserved 1114112K
  class space    used 5982K, committed 6592K, reserved 1048576K
}
Event: 15.585 GC heap after
{Heap after GC invocations=10 (full 0):
 garbage-first heap   total 118784K, used 30381K [0x0000000600000000, 0x0000000800000000)
  region size 4096K, 2 young (8192K), 2 survivors (8192K)
 Metaspace       used 45218K, committed 46400K, reserved 1114112K
  class space    used 5982K, committed 6592K, reserved 1048576K
}
Event: 16.687 GC heap before
{Heap before GC invocations=10 (full 0):
 garbage-first heap   total 118784K, used 91821K [0x0000000600000000, 0x0000000800000000)
  region size 4096K, 17 young (69632K), 2 survivors (8192K)
 Metaspace       used 48157K, committed 49536K, reserved 1114112K
  class space    used 6446K, committed 7104K, reserved 1048576K
}
Event: 16.712 GC heap after
{Heap after GC invocations=11 (full 0):
 garbage-first heap   total 118784K, used 33253K [0x0000000600000000, 0x0000000800000000)
  region size 4096K, 2 young (8192K), 2 survivors (8192K)
 Metaspace       used 48157K, committed 49536K, reserved 1114112K
  class space    used 6446K, committed 7104K, reserved 1048576K
}

